<?xml version="1.0" encoding="UTF-8"?>
<!-- Generated by org.testng.reporters.JUnitReportReporter -->
<testsuite skipped="0" hostname="X390" name="practise.AppiumFramework.scrollingDown" tests="1" failures="0" timestamp="08 Sep 2020 16:15:18 GMT" time="14.274" errors="0">
  <testcase name="apiDemo" time="14.274" classname="practise.AppiumFramework.scrollingDown"/>
</testsuite> <!-- practise.AppiumFramework.scrollingDown -->
