<?xml version="1.0" encoding="UTF-8"?>
<!-- Generated by org.testng.reporters.JUnitReportReporter -->
<testsuite skipped="0" hostname="X390" name="practise.AppiumFramework.scrollingDown" tests="1" failures="0" timestamp="07 Sep 2020 00:04:42 GMT" time="31.319" errors="0">
  <testcase name="apiDemo" time="31.319" classname="practise.AppiumFramework.scrollingDown"/>
</testsuite> <!-- practise.AppiumFramework.scrollingDown -->
