<?xml version="1.0" encoding="UTF-8"?>
<!-- Generated by org.testng.reporters.JUnitReportReporter -->
<testsuite skipped="0" hostname="X390" name="practise.AppiumFramework.Check_amount_money" tests="1" failures="0" timestamp="08 Sep 2020 16:15:18 GMT" time="30.774" errors="0">
  <testcase name="totalValudation" time="30.774" classname="practise.AppiumFramework.Check_amount_money"/>
</testsuite> <!-- practise.AppiumFramework.Check_amount_money -->
