<?xml version="1.0" encoding="UTF-8"?>
<!-- Generated by org.testng.reporters.JUnitReportReporter -->
<testsuite skipped="0" hostname="X390" name="practise.AppiumFramework.Check_amount_money" tests="1" failures="0" timestamp="07 Sep 2020 00:04:42 GMT" time="49.684" errors="0">
  <testcase name="totalValudation" time="49.684" classname="practise.AppiumFramework.Check_amount_money"/>
</testsuite> <!-- practise.AppiumFramework.Check_amount_money -->
