<?xml version="1.0" encoding="UTF-8"?>
<!-- Generated by org.testng.reporters.JUnitReportReporter -->
<testsuite skipped="0" hostname="X390" name="practise.AppiumFramework.Check_amount_money3" tests="2" failures="0" timestamp="08 Sep 2020 16:15:18 GMT" time="56.175" errors="0">
  <testcase name="totalValudation" time="27.003" classname="practise.AppiumFramework.Check_amount_money3"/>
  <testcase name="totalValudation" time="29.172" classname="practise.AppiumFramework.Check_amount_money3"/>
</testsuite> <!-- practise.AppiumFramework.Check_amount_money3 -->
