<?xml version="1.0" encoding="UTF-8"?>
<!-- Generated by org.testng.reporters.JUnitReportReporter -->
<testsuite skipped="0" hostname="X390" name="practise.AppiumFramework.Check_amount_money3" tests="2" failures="0" timestamp="07 Sep 2020 00:04:42 GMT" time="94.028" errors="0">
  <testcase name="totalValudation" time="44.148" classname="practise.AppiumFramework.Check_amount_money3"/>
  <testcase name="totalValudation" time="49.880" classname="practise.AppiumFramework.Check_amount_money3"/>
</testsuite> <!-- practise.AppiumFramework.Check_amount_money3 -->
